[0m[ INFO] [1579355480.141959482]: solidding the tree.[0m
[0m[ INFO] [1579355480.141984224]: top is the begin.[0m
[0m[ INFO] [1579355480.141990565]: treeeeee: 0x12d2e70[0m
[0m[ INFO] [1579355480.141997528]: treeeeee: 0x12d2e70[0m
[0m[ INFO] [1579355480.877843237, 0.500000000]: get map.[0m
[0m[ INFO] [1579355480.877863360, 0.500000000]: solid multi_robot_planner.[0m
[0m[ INFO] [1579355480.877871874, 0.500000000]: spin passed.[0m
[0m[ INFO] [1579355480.877878376, 0.500000000]: permt.size()2[0m
[0m[ INFO] [1579355480.877884856, 0.500000000]: INIT_PG IDX:0[0m
[0m[ INFO] [1579355480.877893808, 0.500000000]: pg pointer in s and g: 0x12d3368[0m
[33m[ WARN] [1579355480.877924604, 0.500000000]: this is a new planner[0m
[0m[ INFO] [1579355480.877931978, 0.500000000]: got destination.11[0m
[33m[ WARN] [1579355480.877968989, 0.500000000]: this is a new planner[0m
[0m[ INFO] [1579355480.877974799, 0.500000000]: got destination.71[0m
[0m[ INFO] [1579355480.877982888, 0.500000000]: get map with height and width as 30 31 1[0m
[0m[ INFO] [1579355480.878027801, 0.500000000]: now test the map[0m
[0m[ INFO] [1579355480.878045070, 0.500000000]: now test the nodes[0m
[0m[ INFO] [1579355480.878529550, 0.500000000]: goal and it's flag 7 1 0[0m
[0m[ INFO] [1579355480.878538649, 0.500000000]: start point in map 1 1
[0m
[0m[ INFO] [1579355480.878543669, 0.500000000]: start and it's flag 1 1 0[0m
å¼€å§‹è®¡ç®—è·¯å¾„ï¼
[0m[ INFO] [1579355480.878553239, 0.500000000]: start points:1 1[0m
19866120
[33m[ WARN] [1579355480.878561612, 0.500000000]: Starting output open list: [0m
[0m[ INFO] [1579355480.878569797, 0.500000000]: checking point 1,1,, g:0, f:60, flag:4[0m
[33m[ WARN] [1579355480.878578179, 0.500000000]: Check_and_Put_to_Openlist FALSE![0m
#è®¡ç®—è·¯å¾„ 0
19866160
[33m[ WARN] [1579355480.878584627, 0.500000000]: Starting output open list: [0m
[33m[ WARN] [1579355480.878590548, 0.500000000]: Starting output close list: [0m
[0m[ INFO] [1579355480.878596799, 0.500000000]: checking point 2,1,, g:10, f:60, flag:3[0m
[33m[ WARN] [1579355480.878601926, 0.500000000]: Check_and_Put_to_Openlist FALSE![0m
#è®¡ç®—è·¯å¾„ 1
19866200
[33m[ WARN] [1579355480.878608052, 0.500000000]: Starting output open list: [0m
[33m[ WARN] [1579355480.878628494, 0.500000000]: Starting output close list: f60h50x2y1 parent x1y1 flag3, [0m
[0m[ INFO] [1579355480.878640417, 0.500000000]: checking point 3,1,, g:20, f:60, flag:3[0m
[33m[ WARN] [1579355480.878652091, 0.500000000]: Check_and_Put_to_Openlist FALSE![0m
#è®¡ç®—è·¯å¾„ 2
19866240
[33m[ WARN] [1579355480.878663022, 0.500000000]: Starting output open list: [0m
[33m[ WARN] [1579355480.878683006, 0.500000000]: Starting output close list: f60h40x3y1 parent x2y1 flag3, f60h50x2y1 parent x1y1 flag3, [0m
[0m[ INFO] [1579355480.878693051, 0.500000000]: checking point 4,1,, g:30, f:60, flag:3[0m
[33m[ WARN] [1579355480.878700132, 0.500000000]: Check_and_Put_to_Openlist FALSE![0m
#è®¡ç®—è·¯å¾„ 3
19866280
[33m[ WARN] [1579355480.878707141, 0.500000000]: Starting output open list: [0m
[33m[ WARN] [1579355480.878718568, 0.500000000]: Starting output close list: f60h30x4y1 parent x3y1 flag3, f60h40x3y1 parent x2y1 flag3, f60h50x2y1 parent x1y1 flag3, [0m
[0m[ INFO] [1579355480.878724909, 0.500000000]: checking point 5,1,, g:40, f:60, flag:3[0m
[33m[ WARN] [1579355480.878733164, 0.500000000]: Check_and_Put_to_Openlist FALSE![0m
#è®¡ç®—è·¯å¾„ 4
19866320
[33m[ WARN] [1579355480.878740608, 0.500000000]: Starting output open list: f80h30x5y2 parent x5y1 flag2, [0m
[33m[ WARN] [1579355480.878752742, 0.500000000]: Starting output close list: f60h20x5y1 parent x4y1 flag3, f60h30x4y1 parent x3y1 flag3, f60h40x3y1 parent x2y1 flag3, f60h50x2y1 parent x1y1 flag3, [0m
[0m[ INFO] [1579355480.878758615, 0.500000000]: checking point 6,1,, g:50, f:60, flag:3[0m
[0m[ INFO] [1579355480.878772174, 0.500000000]: destination already got in openlist.71[0m
è®¡ç®—è·¯å¾„æˆåŠŸï¼ï¼
[0m[ INFO] [1579355480.878795043, 0.500000000]: path: x7y1 ::flag: 2,  x6y1 ::flag: 3,  x5y1 ::flag: 3,  x4y1 ::flag: 3,  x3y1 ::flag: 3,  x2y1 ::flag: 3,  x1y1 ::flag: 4,  [0m
check arriv: curr11 start71 end71 des11 xy46065160
tpath: [id 0 xy 11 t0] ,[id 0 xy 21 t10] ,[id 0 xy 31 t20] ,[id 0 xy 41 t30] ,
[0m[ INFO] [1579355480.878845138, 0.500000000]: Got init_plan_segment in main.[0m
[0m[ INFO] [1579355480.878855015, 0.500000000]: get map with height and width as 30 31 1[0m
[0m[ INFO] [1579355480.878893867, 0.500000000]: now test the map[0m
[0m[ INFO] [1579355480.878906621, 0.500000000]: now test the nodes[0m
[0m[ INFO] [1579355480.879230018, 0.500000000]: goal and it's flag 1 1 0[0m
[0m[ INFO] [1579355480.879239570, 0.500000000]: start point in map 7 1
[0m
[0m[ INFO] [1579355480.879250316, 0.500000000]: start and it's flag 7 1 0[0m
å¼€å§‹è®¡ç®—è·¯å¾„ï¼
[0m[ INFO] [1579355480.879258888, 0.500000000]: start points:7 1[0m
19904648
[33m[ WARN] [1579355480.879269070, 0.500000000]: Starting output open list: [0m
[0m[ INFO] [1579355480.879277970, 0.500000000]: checking point 7,1,, g:0, f:60, flag:4[0m
[33m[ WARN] [1579355480.879287580, 0.500000000]: Check_and_Put_to_Openlist FALSE![0m
#è®¡ç®—è·¯å¾„ 0
19904608
[33m[ WARN] [1579355480.879296719, 0.500000000]: Starting output open list: [0m
[33m[ WARN] [1579355480.879305667, 0.500000000]: Starting output close list: [0m
[0m[ INFO] [1579355480.879314137, 0.500000000]: checking point 6,1,, g:10, f:60, flag:3[0m
[33m[ WARN] [1579355480.879322794, 0.500000000]: Check_and_Put_to_Openlist FALSE![0m
#è®¡ç®—è·¯å¾„ 1
19904568
[33m[ WARN] [1579355480.879330795, 0.500000000]: Starting output open list: [0m
[33m[ WARN] [1579355480.879344087, 0.500000000]: Starting output close list: f60h50x6y1 parent x7y1 flag3, [0m
[0m[ INFO] [1579355480.879352322, 0.500000000]: checking point 5,1,, g:20, f:60, flag:3[0m
[33m[ WARN] [1579355480.879362639, 0.500000000]: conflict in 4,1,30.[0m
[33m[ WARN] [1579355480.879370910, 0.500000000]: Check_and_Put_to_Openlist FALSE![0m
#è®¡ç®—è·¯å¾„ 2
19905816
[33m[ WARN] [1579355480.879380223, 0.500000000]: Starting output open list: [0m
[33m[ WARN] [1579355480.879393217, 0.500000000]: Starting output close list: f60h50x6y1 parent x7y1 flag3, f80h50x5y2 parent x5y1 flag3, [0m
[0m[ INFO] [1579355480.879401841, 0.500000000]: checking point 5,2,, g:30, f:80, flag:3[0m
[33m[ WARN] [1579355480.879411015, 0.500000000]: Check_and_Put_to_Openlist FALSE![0m
#è®¡ç®—è·¯å¾„ 3
19907064
[33m[ WARN] [1579355480.879419664, 0.500000000]: Starting output open list: [0m
[33m[ WARN] [1579355480.879434809, 0.500000000]: Starting output close list: f60h50x6y1 parent x7y1 flag3, f80h50x5y2 parent x5y1 flag3, f100h60x5y3 parent x5y2 flag3, [0m
[0m[ INFO] [1579355480.879443481, 0.500000000]: checking point 5,3,, g:40, f:100, flag:3[0m
[33m[ WARN] [1579355480.879457236, 0.500000000]: Check_and_Put_to_Openlist FALSE![0m
#è®¡ç®—è·¯å¾„ 4
19907024
[33m[ WARN] [1579355480.879469053, 0.500000000]: Starting output open list: f120h70x6y3 parent x5y3 flag2, f120h70x5y4 parent x5y3 flag2, [0m
[33m[ WARN] [1579355480.879484969, 0.500000000]: Starting output close list: f60h50x6y1 parent x7y1 flag3, f80h50x5y2 parent x5y1 flag3, f100h50x4y3 parent x5y3 flag3, f100h60x5y3 parent x5y2 flag3, [0m
[0m[ INFO] [1579355480.879493849, 0.500000000]: checking point 4,3,, g:50, f:100, flag:3[0m
[33m[ WARN] [1579355480.879506141, 0.500000000]: Check_and_Put_to_Openlist FALSE![0m
#è®¡ç®—è·¯å¾„ 5
19906984
[33m[ WARN] [1579355480.879517644, 0.500000000]: Starting output open list: f120h70x6y3 parent x5y3 flag2, f120h70x5y4 parent x5y3 flag2, [0m
[33m[ WARN] [1579355480.879535092, 0.500000000]: Starting output close list: f100h40x3y3 parent x4y3 flag3, f60h50x6y1 parent x7y1 flag3, f80h50x5y2 parent x5y1 flag3, f100h50x4y3 parent x5y3 flag3, f100h60x5y3 parent x5y2 flag3, [0m
[0m[ INFO] [1579355480.879543574, 0.500000000]: checking point 3,3,, g:60, f:100, flag:3[0m
[33m[ WARN] [1579355480.879557614, 0.500000000]: Check_and_Put_to_Openlist FALSE![0m
#è®¡ç®—è·¯å¾„ 6
19906944
[33m[ WARN] [1579355480.879569973, 0.500000000]: Starting output open list: f120h50x3y4 parent x3y3 flag2, f120h70x6y3 parent x5y3 flag2, f120h70x5y4 parent x5y3 flag2, [0m
[33m[ WARN] [1579355480.879587437, 0.500000000]: Starting output close list: f60h40x5y1 parent x6y1 flag3, f60h50x6y1 parent x7y1 flag3, f80h50x5y2 parent x5y1 flag3, f100h40x3y3 parent x4y3 flag3, f100h50x4y3 parent x5y3 flag3, f100h60x5y3 parent x5y2 flag3, [0m
[0m[ INFO] [1579355480.879605965, 0.500000000]: checking point 2,3,, g:70, f:100, flag:3[0m
[33m[ WARN] [1579355480.879618440, 0.500000000]: Check_and_Put_to_Openlist FALSE![0m
#è®¡ç®—è·¯å¾„ 7
19906904
[33m[ WARN] [1579355480.879631269, 0.500000000]: Starting output open list: f120h50x3y4 parent x3y3 flag2, f120h70x6y3 parent x5y3 flag2, f120h70x5y4 parent x5y3 flag2, [0m
[33m[ WARN] [1579355480.879650065, 0.500000000]: Starting output close list: f60h40x5y1 parent x6y1 flag3, f100h40x3y3 parent x4y3 flag3, f60h50x6y1 parent x7y1 flag3, f80h50x5y2 parent x5y1 flag3, f100h30x2y3 parent x3y3 flag3, f100h50x4y3 parent x5y3 flag3, f100h60x5y3 parent x5y2 flag3, [0m
[0m[ INFO] [1579355480.879659713, 0.500000000]: checking point 1,3,, g:80, f:100, flag:3[0m
[33m[ WARN] [1579355480.879672337, 0.500000000]: Check_and_Put_to_Openlist FALSE![0m
è®¡ç®—è·¯å¾„å¤±æ•—ï¼ï¼9
è®¡ç®—è·¯å¾„æˆåŠŸï¼ï¼
[0m[ INFO] [1579355480.879694064, 0.500000000]: path: x2y3 ::flag: 3,  x3y3 ::flag: 3,  x4y3 ::flag: 3,  x5y3 ::flag: 3,  x5y2 ::flag: 3,  x5y1 ::flag: 3,  x6y1 ::flag: 3,  x7y1 ::flag: 4,  [0m
check arriv: curr71 start11 end11 des71 xy46065160
tpath: [id 0 xy 11 t0] ,[id 0 xy 21 t10] ,[id 0 xy 31 t20] ,[id 0 xy 41 t30] ,[id 1 xy 71 t0] ,[id 1 xy 61 t10] ,[id 1 xy 51 t20] ,[id 1 xy 52 t30] ,
[0m[ INFO] [1579355480.879715421, 0.500000000]: Got init_plan_segment in main.[0m
[0m[ INFO] [1579355480.879724272, 0.500000000]: INIT_PG IDX:1[0m
[0m[ INFO] [1579355480.879736372, 0.500000000]: pg pointer in s and g: 0x12d36a8[0m
[33m[ WARN] [1579355480.879763458, 0.500000000]: this is a new planner[0m
[0m[ INFO] [1579355480.879771774, 0.500000000]: got destination.11[0m
[33m[ WARN] [1579355480.879798972, 0.500000000]: this is a new planner[0m
[0m[ INFO] [1579355480.879807131, 0.500000000]: got destination.71[0m
[0m[ INFO] [1579355480.879817673, 0.500000000]: get map with height and width as 30 31 1[0m
[0m[ INFO] [1579355480.879852831, 0.500000000]: now test the map[0m
[0m[ INFO] [1579355480.879865306, 0.500000000]: now test the nodes[0m
[0m[ INFO] [1579355480.880197143, 0.500000000]: goal and it's flag 1 1 0[0m
[0m[ INFO] [1579355480.880206577, 0.500000000]: start point in map 7 1
[0m
[0m[ INFO] [1579355480.880216668, 0.500000000]: start and it's flag 7 1 0[0m
å¼€å§‹è®¡ç®—è·¯å¾„ï¼
[0m[ INFO] [1579355480.880225479, 0.500000000]: start points:7 1[0m
20021272
[33m[ WARN] [1579355480.880234583, 0.500000000]: Starting output open list: [0m
[0m[ INFO] [1579355480.880244055, 0.500000000]: checking point 7,1,, g:0, f:60, flag:4[0m
[33m[ WARN] [1579355480.880253206, 0.500000000]: Check_and_Put_to_Openlist FALSE![0m
#è®¡ç®—è·¯å¾„ 0
20021232
[33m[ WARN] [1579355480.880262469, 0.500000000]: Starting output open list: [0m
[33m[ WARN] [1579355480.880271663, 0.500000000]: Starting output close list: [0m
[0m[ INFO] [1579355480.880280495, 0.500000000]: checking point 6,1,, g:10, f:60, flag:3[0m
[33m[ WARN] [1579355480.880289182, 0.500000000]: Check_and_Put_to_Openlist FALSE![0m
#è®¡ç®—è·¯å¾„ 1
20021192
[33m[ WARN] [1579355480.880297426, 0.500000000]: Starting output open list: [0m
[33m[ WARN] [1579355480.880311043, 0.500000000]: Starting output close list: f60h50x6y1 parent x7y1 flag3, [0m
[0m[ INFO] [1579355480.880319492, 0.500000000]: checking point 5,1,, g:20, f:60, flag:3[0m
[33m[ WARN] [1579355480.880331927, 0.500000000]: Check_and_Put_to_Openlist FALSE![0m
#è®¡ç®—è·¯å¾„ 2
20021152
[33m[ WARN] [1579355480.880342689, 0.500000000]: Starting output open list: f80h50x5y2 parent x5y1 flag2, [0m
[33m[ WARN] [1579355480.880355755, 0.500000000]: Starting output close list: f60h40x5y1 parent x6y1 flag3, f60h50x6y1 parent x7y1 flag3, [0m
[0m[ INFO] [1579355480.880364357, 0.500000000]: checking point 4,1,, g:30, f:60, flag:3[0m
[33m[ WARN] [1579355480.880376075, 0.500000000]: Check_and_Put_to_Openlist FALSE![0m
#è®¡ç®—è·¯å¾„ 3
20021112
[33m[ WARN] [1579355480.880386600, 0.500000000]: Starting output open list: f80h50x5y2 parent x5y1 flag2, [0m
[33m[ WARN] [1579355480.880401554, 0.500000000]: Starting output close list: f60h30x4y1 parent x5y1 flag3, f60h40x5y1 parent x6y1 flag3, f60h50x6y1 parent x7y1 flag3, [0m
[0m[ INFO] [1579355480.880409918, 0.500000000]: checking point 3,1,, g:40, f:60, flag:3[0m
[33m[ WARN] [1579355480.880421125, 0.500000000]: Check_and_Put_to_Openlist FALSE![0m
#è®¡ç®—è·¯å¾„ 4
20021072
[33m[ WARN] [1579355480.880431143, 0.500000000]: Starting output open list: f80h50x5y2 parent x5y1 flag2, [0m
[33m[ WARN] [1579355480.880447139, 0.500000000]: Starting output close list: f60h20x3y1 parent x4y1 flag3, f60h30x4y1 parent x5y1 flag3, f60h40x5y1 parent x6y1 flag3, f60h50x6y1 parent x7y1 flag3, [0m
[0m[ INFO] [1579355480.880455657, 0.500000000]: checking point 2,1,, g:50, f:60, flag:3[0m
[0m[ INFO] [1579355480.880467093, 0.500000000]: destination already got in openlist.11[0m
è®¡ç®—è·¯å¾„æˆåŠŸï¼ï¼
[0m[ INFO] [1579355480.880486854, 0.500000000]: path: x1y1 ::flag: 2,  x2y1 ::flag: 3,  x3y1 ::flag: 3,  x4y1 ::flag: 3,  x5y1 ::flag: 3,  x6y1 ::flag: 3,  x7y1 ::flag: 4,  [0m
check arriv: curr71 start11 end11 des71 xy46065160
tpath: [id 1 xy 71 t0] ,[id 1 xy 61 t10] ,[id 1 xy 51 t20] ,[id 1 xy 41 t30] ,
[0m[ INFO] [1579355480.880510113, 0.500000000]: Got init_plan_segment in main.[0m
[0m[ INFO] [1579355480.880519833, 0.500000000]: get map with height and width as 30 31 1[0m
[0m[ INFO] [1579355480.880556954, 0.500000000]: now test the map[0m
[0m[ INFO] [1579355480.880569703, 0.500000000]: now test the nodes[0m
[0m[ INFO] [1579355480.880881305, 0.500000000]: goal and it's flag 7 1 0[0m
[0m[ INFO] [1579355480.880891083, 0.500000000]: start point in map 1 1
[0m
[0m[ INFO] [1579355480.880901525, 0.500000000]: start and it's flag 1 1 0[0m
å¼€å§‹è®¡ç®—è·¯å¾„ï¼
[0m[ INFO] [1579355480.880910050, 0.500000000]: start points:1 1[0m
20061576
[33m[ WARN] [1579355480.880919089, 0.500000000]: Starting output open list: [0m
[0m[ INFO] [1579355480.880928390, 0.500000000]: checking point 1,1,, g:0, f:60, flag:4[0m
[33m[ WARN] [1579355480.880936571, 0.500000000]: Check_and_Put_to_Openlist FALSE![0m
#è®¡ç®—è·¯å¾„ 0
20061616
[33m[ WARN] [1579355480.880942884, 0.500000000]: Starting output open list: [0m
[33m[ WARN] [1579355480.880950133, 0.500000000]: Starting output close list: [0m
[0m[ INFO] [1579355480.880958632, 0.500000000]: checking point 2,1,, g:10, f:60, flag:3[0m
[33m[ WARN] [1579355480.880966338, 0.500000000]: Check_and_Put_to_Openlist FALSE![0m
#è®¡ç®—è·¯å¾„ 1
20061656
[33m[ WARN] [1579355480.880976605, 0.500000000]: Starting output open list: [0m
[33m[ WARN] [1579355480.880988841, 0.500000000]: Starting output close list: f60h50x2y1 parent x1y1 flag3, [0m
[0m[ INFO] [1579355480.880997571, 0.500000000]: checking point 3,1,, g:20, f:60, flag:3[0m
[33m[ WARN] [1579355480.881008194, 0.500000000]: conflict in 4,1,30.[0m
[33m[ WARN] [1579355480.881014962, 0.500000000]: Check_and_Put_to_Openlist FALSE![0m
è®¡ç®—è·¯å¾„å¤±æ•—ï¼ï¼2
è®¡ç®—è·¯å¾„æˆåŠŸï¼ï¼
[0m[ INFO] [1579355480.881031563, 0.500000000]: path: x3y1 ::flag: 3,  x2y1 ::flag: 3,  x1y1 ::flag: 4,  [0m
check arriv: curr11 start71 end71 des11 xy46065160
tpath: [id 1 xy 71 t0] ,[id 1 xy 61 t10] ,[id 1 xy 51 t20] ,[id 1 xy 41 t30] ,[id 0 xy 11 t0] ,[id 0 xy 21 t10] ,[id 0 xy 31 t20] ,
[0m[ INFO] [1579355480.881057524, 0.500000000]: Got init_plan_segment in main.[0m
[0m[ INFO] [1579355480.881067878, 0.500000000]: INIT DONE[0m
[33m[ WARN] [1579355480.881078922, 0.500000000]: find the right init_planner_group.[0m
[33m[ WARN] [1579355480.881089807, 0.500000000]: feedback: 70[0m
[33m[ WARN] [1579355480.881098166, 0.500000000]: feedback: 80[0m
[0m[ INFO] [1579355480.881110651, 0.500000000]: pg pointer in s and g: 0x132aee8[0m
[33m[ WARN] [1579355480.881148438, 0.500000000]: this is a new planner[0m
[0m[ INFO] [1579355480.881158718, 0.500000000]: got last currentpoint as now startpoint.41[0m
[0m[ INFO] [1579355480.881167408, 0.500000000]: got destination.41[0m
[33m[ WARN] [1579355480.881192385, 0.500000000]: this is a new planner[0m
[0m[ INFO] [1579355480.881201370, 0.500000000]: got last currentpoint as now startpoint.31[0m
[0m[ INFO] [1579355480.881210033, 0.500000000]: got destination.31[0m
[0m[ INFO] [1579355480.881219764, 0.500000000]: # grow tree 2 leaf![0m
[0m[ INFO] [1579355480.881229343, 0.500000000]: get map with height and width as 30 31 1[0m
[0m[ INFO] [1579355480.881267199, 0.500000000]: now test the map[0m
[0m[ INFO] [1579355480.881279607, 0.500000000]: now test the nodes[0m
[0m[ INFO] [1579355480.881677500, 0.500000000]: goal and it's flag 7 1 0[0m
[0m[ INFO] [1579355480.881687823, 0.500000000]: start point in map 4 1
[0m
[0m[ INFO] [1579355480.881698264, 0.500000000]: start and it's flag 4 1 0[0m
å¼€å§‹è®¡ç®—è·¯å¾„ï¼
[0m[ INFO] [1579355480.881706907, 0.500000000]: start points:4 1[0m
20175952
[33m[ WARN] [1579355480.881716031, 0.500000000]: Starting output open list: [0m
[0m[ INFO] [1579355480.881724705, 0.500000000]: checking point 4,1,, g:0, f:30, flag:4[0m
[33m[ WARN] [1579355480.881735869, 0.500000000]: Check_and_Put_to_Openlist FALSE![0m
#è®¡ç®—è·¯å¾„ 0
20175992
[33m[ WARN] [1579355480.881748887, 0.500000000]: Starting output open list: f50h40x3y1 parent x4y1 flag2, [0m
[33m[ WARN] [1579355480.881758275, 0.500000000]: Starting output close list: [0m
[0m[ INFO] [1579355480.881766434, 0.500000000]: checking point 5,1,, g:10, f:30, flag:3[0m
[33m[ WARN] [1579355480.881779464, 0.500000000]: Check_and_Put_to_Openlist FALSE![0m
#è®¡ç®—è·¯å¾„ 1
20176032
[33m[ WARN] [1579355480.881792310, 0.500000000]: Starting output open list: f50h30x5y2 parent x5y1 flag2, f50h40x3y1 parent x4y1 flag2, [0m
[33m[ WARN] [1579355480.881804621, 0.500000000]: Starting output close list: f30h20x5y1 parent x4y1 flag3, [0m
[0m[ INFO] [1579355480.881812729, 0.500000000]: checking point 6,1,, g:20, f:30, flag:3[0m
[0m[ INFO] [1579355480.881824245, 0.500000000]: destination already got in openlist.71[0m
è®¡ç®—è·¯å¾„æˆåŠŸï¼ï¼
[0m[ INFO] [1579355480.881841227, 0.500000000]: path: x7y1 ::flag: 2,  x6y1 ::flag: 3,  x5y1 ::flag: 3,  x4y1 ::flag: 4,  [0m
check arriv: curr41 start71 end71 des41 xy46065160
tpath: [id 0 xy 41 t0] ,[id 0 xy 51 t10] ,[id 0 xy 61 t20] ,[id 0 xy 71 t30] ,
[0m[ INFO] [1579355480.881866164, 0.500000000]: # grow tree 2 leaf![0m
[0m[ INFO] [1579355480.881875881, 0.500000000]: get map with height and width as 30 31 1[0m
[0m[ INFO] [1579355480.881916337, 0.500000000]: now test the map[0m
[0m[ INFO] [1579355480.881928991, 0.500000000]: now test the nodes[0m
[0m[ INFO] [1579355480.882231170, 0.500000000]: goal and it's flag 1 1 0[0m
[0m[ INFO] [1579355480.882241937, 0.500000000]: start point in map 3 1
[0m
[0m[ INFO] [1579355480.882252224, 0.500000000]: start and it's flag 3 1 0[0m
å¼€å§‹è®¡ç®—è·¯å¾„ï¼
[0m[ INFO] [1579355480.882260627, 0.500000000]: start points:3 1[0m
20216088
[33m[ WARN] [1579355480.882269645, 0.500000000]: Starting output open list: [0m
[0m[ INFO] [1579355480.882281451, 0.500000000]: checking point 3,1,, g:0, f:20, flag:4[0m
[33m[ WARN] [1579355480.882309306, 0.500000000]: Check_and_Put_to_Openlist FALSE![0m
#è®¡ç®—è·¯å¾„ 0
20216048
[33m[ WARN] [1579355480.882320749, 0.500000000]: Starting output open list: f40h30x4y1 parent x3y1 flag2, [0m
[33m[ WARN] [1579355480.882329889, 0.500000000]: Starting output close list: [0m
[0m[ INFO] [1579355480.882339053, 0.500000000]: checking point 2,1,, g:10, f:20, flag:3[0m
[0m[ INFO] [1579355480.882350191, 0.500000000]: destination already got in openlist.11[0m
è®¡ç®—è·¯å¾„æˆåŠŸï¼ï¼
[0m[ INFO] [1579355480.882365262, 0.500000000]: path: x1y1 ::flag: 2,  x2y1 ::flag: 3,  x3y1 ::flag: 4,  [0m
check arriv: curr31 start11 end11 des31 xy46065160
tpath: [id 0 xy 41 t0] ,[id 0 xy 51 t10] ,[id 0 xy 61 t20] ,[id 0 xy 71 t30] ,[id 1 xy 31 t0] ,[id 1 xy 21 t10] ,[id 1 xy 11 t20] ,
[33m[ WARN] [1579355480.882399026, 0.500000000]: ALL ARRIVED AND EXIT[0m
[33m[ WARN] [1579355480.882410501, 0.500000000]: OKOK[0m
[33m[ WARN] [1579355480.882420759, 0.500000000]: planners size: 2[0m
[0m[ INFO] [1579355480.882433297, 0.500000000]: dep: 1[0m
[0m[ INFO] [1579355480.882442852, 0.500000000]: now we will pub full path...[0m
[0m[ INFO] [1579355480.882460537, 0.500000000]: points in fullpath: 7 1[0m
[0m[ INFO] [1579355480.882469526, 0.500000000]: points in fullpath: 6 1[0m
[0m[ INFO] [1579355480.882479909, 0.500000000]: points in fullpath: 5 1[0m
[0m[ INFO] [1579355480.882488938, 0.500000000]: points in fullpath: 4 1[0m
[0m[ INFO] [1579355480.882497992, 0.500000000]: points in fullpath: 4 1[0m
[0m[ INFO] [1579355480.882507211, 0.500000000]: points in fullpath: 5 1[0m
[0m[ INFO] [1579355480.882516867, 0.500000000]: points in fullpath: 6 1[0m
[0m[ INFO] [1579355480.882527663, 0.500000000]: points in fullpath: 7 1[0m
[33m[ WARN] [1579355480.882538694, 0.500000000]: planners size: 2[0m
[0m[ INFO] [1579355480.882549259, 0.500000000]: dep: 1[0m
[0m[ INFO] [1579355480.882557255, 0.500000000]: now we will pub full path...[0m
[0m[ INFO] [1579355480.882566827, 0.500000000]: points in fullpath: 1 1[0m
[0m[ INFO] [1579355480.882575478, 0.500000000]: points in fullpath: 2 1[0m
[0m[ INFO] [1579355480.882584382, 0.500000000]: points in fullpath: 3 1[0m
[0m[ INFO] [1579355480.882593185, 0.500000000]: points in fullpath: 3 1[0m
[0m[ INFO] [1579355480.882602658, 0.500000000]: points in fullpath: 2 1[0m
[0m[ INFO] [1579355480.882610124, 0.500000000]: points in fullpath: 1 1[0m
[0m[ INFO] [1579355480.155439621]: Loading map from image "/home/lyunfan/ROS-WS-PLANNING/src/astar_global_planner/map/prior.png"[0m
[0m[ INFO] [1579355480.579594110, 0.200000000]: Read a 31 X 30 map @ 1.000 m/cell[0m
... logging to /home/lyunfan/.ros/log/9ad765a4-39f9-11ea-a55e-0028f8db9ba1/roslaunch-lyunfan-MS-7A67-2829.log
Checking log directory for disk usage. This may take awhile.
Press Ctrl-C to interrupt
Done checking log file disk usage. Usage is <1GB.
]2;/home/lyunfan/ROS-WS-PLANNING/src/astar_global_planner/launch/task.launch
[1mstarted roslaunch server http://lyunfan-MS-7A67:45041/[0m

SUMMARY
========

PARAMETERS
 * /rob1/astar_planner/delay: 0
 * /rob1/astar_planner/x_0: 1
 * /rob1/astar_planner/x_1: 7
 * /rob1/astar_planner/y_0: 1
 * /rob1/astar_planner/y_1: 7
 * /rosdistro: kinetic
 * /rosversion: 1.12.14
 * /use_sim_time: True

NODES
  /rob1/
    astar_planner (astar_global_planner/astar_global_planner_node)
  /
    map_pub (map_server/map_server)
    maptoodom_broadcaster (tf/static_transform_publisher)
    model (stage_ros/stageros)
    rviz (rviz/rviz)
    trimap_node (trimap/trimap_node)

auto-starting new master
[1mprocess[master]: started with pid [2839][0m
[1mROS_MASTER_URI=http://localhost:11311[0m
]2;/home/lyunfan/ROS-WS-PLANNING/src/astar_global_planner/launch/task.launch http://localhost:11311
[1msetting /run_id to 9ad765a4-39f9-11ea-a55e-0028f8db9ba1[0m
[1mprocess[rosout-1]: started with pid [2852][0m
started core service [/rosout]
[1mprocess[model-2]: started with pid [2860][0m
[1mprocess[maptoodom_broadcaster-3]: started with pid [2872][0m
[1mprocess[map_pub-4]: started with pid [2879][0m
[1mprocess[rviz-5]: started with pid [2884][0m
[1mprocess[rob1/astar_planner-6]: started with pid [2890][0m
[1mprocess[trimap_node-7]: started with pid [2907][0m
[1m[rob1/astar_planner-6] process has finished cleanly
log file: /home/lyunfan/.ros/log/9ad765a4-39f9-11ea-a55e-0028f8db9ba1/rob1-astar_planner-6*.log[0m
[trimap_node-7] killing on exit
[rviz-5] killing on exit
[map_pub-4] killing on exit
[maptoodom_broadcaster-3] killing on exit
[model-2] killing on exit
[rosout-1] killing on exit
[master] killing on exit
shutting down processing monitor...
... shutting down processing monitor complete
[1mdone[0m
